xrun: 22.03-s012: (c) Copyright 1995-2023 Cadence Design Systems, Inc.
TOOL:	xrun	22.03-s012: Started on Sep 11, 2025 at 10:41:57 CDT
xrun
	top.sv
	mem_test.sv
	mem.sv
SOFTINCLUDE $SYSTEM_CDS_LIB_DIR/cds.lib
|
xrun: *W,DLCVAR (/home/grads/a/apteaniche/cds.lib,1): cds.lib Invalid environment variable ''.
DEFINE      basic                   $CDK_DIR/lib/basic
|
xrun: *W,DLCVAR (/home/grads/a/apteaniche/cds.lib,2): cds.lib Invalid environment variable ''.
DEFINE      NCSU_Analog_Parts 	    $CDK_DIR/lib/NCSU_Analog_Parts
|
xrun: *W,DLCVAR (/home/grads/a/apteaniche/cds.lib,3): cds.lib Invalid environment variable ''.
DEFINE      NCSU_Digital_Parts 	    $CDK_DIR/lib/NCSU_Digital_Parts
|
xrun: *W,DLCVAR (/home/grads/a/apteaniche/cds.lib,4): cds.lib Invalid environment variable ''.
DEFINE      NCSU_TechLib_ami06      $CDK_DIR/lib/NCSU_TechLib_ami06
|
xrun: *W,DLCVAR (/home/grads/a/apteaniche/cds.lib,6): cds.lib Invalid environment variable ''.
DEFINE      NCSU_TechLib_ami16      $CDK_DIR/lib/NCSU_TechLib_ami16
|
xrun: *W,DLCVAR (/home/grads/a/apteaniche/cds.lib,7): cds.lib Invalid environment variable ''.
DEFINE      NCSU_TechLib_hp06       $CDK_DIR/lib/NCSU_TechLib_hp06
|
xrun: *W,DLCVAR (/home/grads/a/apteaniche/cds.lib,8): cds.lib Invalid environment variable ''.
DEFINE      NCSU_TechLib_tsmc02     $CDK_DIR/lib/NCSU_TechLib_tsmc02
|
xrun: *W,DLCVAR (/home/grads/a/apteaniche/cds.lib,9): cds.lib Invalid environment variable ''.
DEFINE      NCSU_TechLib_tsmc02d    $CDK_DIR/lib/NCSU_TechLib_tsmc02d
|
xrun: *W,DLCVAR (/home/grads/a/apteaniche/cds.lib,10): cds.lib Invalid environment variable ''.
DEFINE      NCSU_TechLib_tsmc03     $CDK_DIR/lib/NCSU_TechLib_tsmc03
|
xrun: *W,DLCVAR (/home/grads/a/apteaniche/cds.lib,11): cds.lib Invalid environment variable ''.
DEFINE      NCSU_TechLib_tsmc03d    $CDK_DIR/lib/NCSU_TechLib_tsmc03d
|
xrun: *W,DLCVAR (/home/grads/a/apteaniche/cds.lib,12): cds.lib Invalid environment variable ''.
DEFINE      NCSU_TechLib_tsmc04_4M2P    $CDK_DIR/lib/NCSU_TechLib_tsmc04_4M2P
|
xrun: *W,DLCVAR (/home/grads/a/apteaniche/cds.lib,13): cds.lib Invalid environment variable ''.
SOFTINCLUDE $SYSTEM_CDS_LIB_DIR/cds.lib
|
xrun: *W,DLCVAR (/home/grads/a/apteaniche/cds.lib,1): cds.lib Invalid environment variable ''.
DEFINE      basic                   $CDK_DIR/lib/basic
|
xrun: *W,DLCVAR (/home/grads/a/apteaniche/cds.lib,2): cds.lib Invalid environment variable ''.
DEFINE      NCSU_Analog_Parts 	    $CDK_DIR/lib/NCSU_Analog_Parts
|
xrun: *W,DLCVAR (/home/grads/a/apteaniche/cds.lib,3): cds.lib Invalid environment variable ''.
DEFINE      NCSU_Digital_Parts 	    $CDK_DIR/lib/NCSU_Digital_Parts
|
xrun: *W,DLCVAR (/home/grads/a/apteaniche/cds.lib,4): cds.lib Invalid environment variable ''.
DEFINE      NCSU_TechLib_ami06      $CDK_DIR/lib/NCSU_TechLib_ami06
|
xrun: *W,DLCVAR (/home/grads/a/apteaniche/cds.lib,6): cds.lib Invalid environment variable ''.
DEFINE      NCSU_TechLib_ami16      $CDK_DIR/lib/NCSU_TechLib_ami16
|
xrun: *W,DLCVAR (/home/grads/a/apteaniche/cds.lib,7): cds.lib Invalid environment variable ''.
DEFINE      NCSU_TechLib_hp06       $CDK_DIR/lib/NCSU_TechLib_hp06
|
xrun: *W,DLCVAR (/home/grads/a/apteaniche/cds.lib,8): cds.lib Invalid environment variable ''.
DEFINE      NCSU_TechLib_tsmc02     $CDK_DIR/lib/NCSU_TechLib_tsmc02
|
xrun: *W,DLCVAR (/home/grads/a/apteaniche/cds.lib,9): cds.lib Invalid environment variable ''.
DEFINE      NCSU_TechLib_tsmc02d    $CDK_DIR/lib/NCSU_TechLib_tsmc02d
|
xrun: *W,DLCVAR (/home/grads/a/apteaniche/cds.lib,10): cds.lib Invalid environment variable ''.
DEFINE      NCSU_TechLib_tsmc03     $CDK_DIR/lib/NCSU_TechLib_tsmc03
|
xrun: *W,DLCVAR (/home/grads/a/apteaniche/cds.lib,11): cds.lib Invalid environment variable ''.
DEFINE      NCSU_TechLib_tsmc03d    $CDK_DIR/lib/NCSU_TechLib_tsmc03d
|
xrun: *W,DLCVAR (/home/grads/a/apteaniche/cds.lib,12): cds.lib Invalid environment variable ''.
DEFINE      NCSU_TechLib_tsmc04_4M2P    $CDK_DIR/lib/NCSU_TechLib_tsmc04_4M2P
|
xrun: *W,DLCVAR (/home/grads/a/apteaniche/cds.lib,13): cds.lib Invalid environment variable ''.
SOFTINCLUDE $SYSTEM_CDS_LIB_DIR/cds.lib
|
xrun: *W,DLCVAR (/home/grads/a/apteaniche/cds.lib,1): cds.lib Invalid environment variable ''.
DEFINE      basic                   $CDK_DIR/lib/basic
|
xrun: *W,DLCVAR (/home/grads/a/apteaniche/cds.lib,2): cds.lib Invalid environment variable ''.
DEFINE      NCSU_Analog_Parts 	    $CDK_DIR/lib/NCSU_Analog_Parts
|
xrun: *W,DLCVAR (/home/grads/a/apteaniche/cds.lib,3): cds.lib Invalid environment variable ''.
DEFINE      NCSU_Digital_Parts 	    $CDK_DIR/lib/NCSU_Digital_Parts
|
xrun: *W,DLCVAR (/home/grads/a/apteaniche/cds.lib,4): cds.lib Invalid environment variable ''.
DEFINE      NCSU_TechLib_ami06      $CDK_DIR/lib/NCSU_TechLib_ami06
|
xrun: *W,DLCVAR (/home/grads/a/apteaniche/cds.lib,6): cds.lib Invalid environment variable ''.
DEFINE      NCSU_TechLib_ami16      $CDK_DIR/lib/NCSU_TechLib_ami16
|
xrun: *W,DLCVAR (/home/grads/a/apteaniche/cds.lib,7): cds.lib Invalid environment variable ''.
DEFINE      NCSU_TechLib_hp06       $CDK_DIR/lib/NCSU_TechLib_hp06
|
xrun: *W,DLCVAR (/home/grads/a/apteaniche/cds.lib,8): cds.lib Invalid environment variable ''.
DEFINE      NCSU_TechLib_tsmc02     $CDK_DIR/lib/NCSU_TechLib_tsmc02
|
xrun: *W,DLCVAR (/home/grads/a/apteaniche/cds.lib,9): cds.lib Invalid environment variable ''.
DEFINE      NCSU_TechLib_tsmc02d    $CDK_DIR/lib/NCSU_TechLib_tsmc02d
|
xrun: *W,DLCVAR (/home/grads/a/apteaniche/cds.lib,10): cds.lib Invalid environment variable ''.
DEFINE      NCSU_TechLib_tsmc03     $CDK_DIR/lib/NCSU_TechLib_tsmc03
|
xrun: *W,DLCVAR (/home/grads/a/apteaniche/cds.lib,11): cds.lib Invalid environment variable ''.
DEFINE      NCSU_TechLib_tsmc03d    $CDK_DIR/lib/NCSU_TechLib_tsmc03d
|
xrun: *W,DLCVAR (/home/grads/a/apteaniche/cds.lib,12): cds.lib Invalid environment variable ''.
DEFINE      NCSU_TechLib_tsmc04_4M2P    $CDK_DIR/lib/NCSU_TechLib_tsmc04_4M2P
|
xrun: *W,DLCVAR (/home/grads/a/apteaniche/cds.lib,13): cds.lib Invalid environment variable ''.
SOFTINCLUDE $SYSTEM_CDS_LIB_DIR/cds.lib
|
xrun: *W,DLCVAR (/home/grads/a/apteaniche/cds.lib,1): cds.lib Invalid environment variable ''.
DEFINE      basic                   $CDK_DIR/lib/basic
|
xrun: *W,DLCVAR (/home/grads/a/apteaniche/cds.lib,2): cds.lib Invalid environment variable ''.
DEFINE      NCSU_Analog_Parts 	    $CDK_DIR/lib/NCSU_Analog_Parts
|
xrun: *W,DLCVAR (/home/grads/a/apteaniche/cds.lib,3): cds.lib Invalid environment variable ''.
DEFINE      NCSU_Digital_Parts 	    $CDK_DIR/lib/NCSU_Digital_Parts
|
xrun: *W,DLCVAR (/home/grads/a/apteaniche/cds.lib,4): cds.lib Invalid environment variable ''.
DEFINE      NCSU_TechLib_ami06      $CDK_DIR/lib/NCSU_TechLib_ami06
|
xrun: *W,DLCVAR (/home/grads/a/apteaniche/cds.lib,6): cds.lib Invalid environment variable ''.
DEFINE      NCSU_TechLib_ami16      $CDK_DIR/lib/NCSU_TechLib_ami16
|
xrun: *W,DLCVAR (/home/grads/a/apteaniche/cds.lib,7): cds.lib Invalid environment variable ''.
DEFINE      NCSU_TechLib_hp06       $CDK_DIR/lib/NCSU_TechLib_hp06
|
xrun: *W,DLCVAR (/home/grads/a/apteaniche/cds.lib,8): cds.lib Invalid environment variable ''.
DEFINE      NCSU_TechLib_tsmc02     $CDK_DIR/lib/NCSU_TechLib_tsmc02
|
xrun: *W,DLCVAR (/home/grads/a/apteaniche/cds.lib,9): cds.lib Invalid environment variable ''.
DEFINE      NCSU_TechLib_tsmc02d    $CDK_DIR/lib/NCSU_TechLib_tsmc02d
|
xrun: *W,DLCVAR (/home/grads/a/apteaniche/cds.lib,10): cds.lib Invalid environment variable ''.
DEFINE      NCSU_TechLib_tsmc03     $CDK_DIR/lib/NCSU_TechLib_tsmc03
|
xrun: *W,DLCVAR (/home/grads/a/apteaniche/cds.lib,11): cds.lib Invalid environment variable ''.
DEFINE      NCSU_TechLib_tsmc03d    $CDK_DIR/lib/NCSU_TechLib_tsmc03d
|
xrun: *W,DLCVAR (/home/grads/a/apteaniche/cds.lib,12): cds.lib Invalid environment variable ''.
DEFINE      NCSU_TechLib_tsmc04_4M2P    $CDK_DIR/lib/NCSU_TechLib_tsmc04_4M2P
|
xrun: *W,DLCVAR (/home/grads/a/apteaniche/cds.lib,13): cds.lib Invalid environment variable ''.
SOFTINCLUDE $SYSTEM_CDS_LIB_DIR/cds.lib
|
xrun: *W,DLCVAR (/home/grads/a/apteaniche/cds.lib,1): cds.lib Invalid environment variable ''.
DEFINE      basic                   $CDK_DIR/lib/basic
|
xrun: *W,DLCVAR (/home/grads/a/apteaniche/cds.lib,2): cds.lib Invalid environment variable ''.
DEFINE      NCSU_Analog_Parts 	    $CDK_DIR/lib/NCSU_Analog_Parts
|
xrun: *W,DLCVAR (/home/grads/a/apteaniche/cds.lib,3): cds.lib Invalid environment variable ''.
DEFINE      NCSU_Digital_Parts 	    $CDK_DIR/lib/NCSU_Digital_Parts
|
xrun: *W,DLCVAR (/home/grads/a/apteaniche/cds.lib,4): cds.lib Invalid environment variable ''.
DEFINE      NCSU_TechLib_ami06      $CDK_DIR/lib/NCSU_TechLib_ami06
|
xrun: *W,DLCVAR (/home/grads/a/apteaniche/cds.lib,6): cds.lib Invalid environment variable ''.
DEFINE      NCSU_TechLib_ami16      $CDK_DIR/lib/NCSU_TechLib_ami16
|
xrun: *W,DLCVAR (/home/grads/a/apteaniche/cds.lib,7): cds.lib Invalid environment variable ''.
DEFINE      NCSU_TechLib_hp06       $CDK_DIR/lib/NCSU_TechLib_hp06
|
xrun: *W,DLCVAR (/home/grads/a/apteaniche/cds.lib,8): cds.lib Invalid environment variable ''.
DEFINE      NCSU_TechLib_tsmc02     $CDK_DIR/lib/NCSU_TechLib_tsmc02
|
xrun: *W,DLCVAR (/home/grads/a/apteaniche/cds.lib,9): cds.lib Invalid environment variable ''.
DEFINE      NCSU_TechLib_tsmc02d    $CDK_DIR/lib/NCSU_TechLib_tsmc02d
|
xrun: *W,DLCVAR (/home/grads/a/apteaniche/cds.lib,10): cds.lib Invalid environment variable ''.
DEFINE      NCSU_TechLib_tsmc03     $CDK_DIR/lib/NCSU_TechLib_tsmc03
|
xrun: *W,DLCVAR (/home/grads/a/apteaniche/cds.lib,11): cds.lib Invalid environment variable ''.
DEFINE      NCSU_TechLib_tsmc03d    $CDK_DIR/lib/NCSU_TechLib_tsmc03d
|
xrun: *W,DLCVAR (/home/grads/a/apteaniche/cds.lib,12): cds.lib Invalid environment variable ''.
DEFINE      NCSU_TechLib_tsmc04_4M2P    $CDK_DIR/lib/NCSU_TechLib_tsmc04_4M2P
|
xrun: *W,DLCVAR (/home/grads/a/apteaniche/cds.lib,13): cds.lib Invalid environment variable ''.
Recompiling... reason: file './mem_test.sv' is newer than expected.
	expected: Thu Sep 11 10:33:22 2025
	actual:   Thu Sep 11 10:41:25 2025
SOFTINCLUDE $SYSTEM_CDS_LIB_DIR/cds.lib
|
xrun: *W,DLCVAR (/home/grads/a/apteaniche/cds.lib,1): cds.lib Invalid environment variable ''.
DEFINE      basic                   $CDK_DIR/lib/basic
|
xrun: *W,DLCVAR (/home/grads/a/apteaniche/cds.lib,2): cds.lib Invalid environment variable ''.
DEFINE      NCSU_Analog_Parts 	    $CDK_DIR/lib/NCSU_Analog_Parts
|
xrun: *W,DLCVAR (/home/grads/a/apteaniche/cds.lib,3): cds.lib Invalid environment variable ''.
DEFINE      NCSU_Digital_Parts 	    $CDK_DIR/lib/NCSU_Digital_Parts
|
xrun: *W,DLCVAR (/home/grads/a/apteaniche/cds.lib,4): cds.lib Invalid environment variable ''.
DEFINE      NCSU_TechLib_ami06      $CDK_DIR/lib/NCSU_TechLib_ami06
|
xrun: *W,DLCVAR (/home/grads/a/apteaniche/cds.lib,6): cds.lib Invalid environment variable ''.
DEFINE      NCSU_TechLib_ami16      $CDK_DIR/lib/NCSU_TechLib_ami16
|
xrun: *W,DLCVAR (/home/grads/a/apteaniche/cds.lib,7): cds.lib Invalid environment variable ''.
DEFINE      NCSU_TechLib_hp06       $CDK_DIR/lib/NCSU_TechLib_hp06
|
xrun: *W,DLCVAR (/home/grads/a/apteaniche/cds.lib,8): cds.lib Invalid environment variable ''.
DEFINE      NCSU_TechLib_tsmc02     $CDK_DIR/lib/NCSU_TechLib_tsmc02
|
xrun: *W,DLCVAR (/home/grads/a/apteaniche/cds.lib,9): cds.lib Invalid environment variable ''.
DEFINE      NCSU_TechLib_tsmc02d    $CDK_DIR/lib/NCSU_TechLib_tsmc02d
|
xrun: *W,DLCVAR (/home/grads/a/apteaniche/cds.lib,10): cds.lib Invalid environment variable ''.
DEFINE      NCSU_TechLib_tsmc03     $CDK_DIR/lib/NCSU_TechLib_tsmc03
|
xrun: *W,DLCVAR (/home/grads/a/apteaniche/cds.lib,11): cds.lib Invalid environment variable ''.
DEFINE      NCSU_TechLib_tsmc03d    $CDK_DIR/lib/NCSU_TechLib_tsmc03d
|
xrun: *W,DLCVAR (/home/grads/a/apteaniche/cds.lib,12): cds.lib Invalid environment variable ''.
DEFINE      NCSU_TechLib_tsmc04_4M2P    $CDK_DIR/lib/NCSU_TechLib_tsmc04_4M2P
|
xrun: *W,DLCVAR (/home/grads/a/apteaniche/cds.lib,13): cds.lib Invalid environment variable ''.
SOFTINCLUDE $SYSTEM_CDS_LIB_DIR/cds.lib
|
xmvlog: *W,DLCVAR (/home/grads/a/apteaniche/cds.lib,1): cds.lib Invalid environment variable ''.
DEFINE      basic                   $CDK_DIR/lib/basic
|
xmvlog: *W,DLCVAR (/home/grads/a/apteaniche/cds.lib,2): cds.lib Invalid environment variable ''.
DEFINE      NCSU_Analog_Parts 	    $CDK_DIR/lib/NCSU_Analog_Parts
|
xmvlog: *W,DLCVAR (/home/grads/a/apteaniche/cds.lib,3): cds.lib Invalid environment variable ''.
DEFINE      NCSU_Digital_Parts 	    $CDK_DIR/lib/NCSU_Digital_Parts
|
xmvlog: *W,DLCVAR (/home/grads/a/apteaniche/cds.lib,4): cds.lib Invalid environment variable ''.
DEFINE      NCSU_TechLib_ami06      $CDK_DIR/lib/NCSU_TechLib_ami06
|
xmvlog: *W,DLCVAR (/home/grads/a/apteaniche/cds.lib,6): cds.lib Invalid environment variable ''.
DEFINE      NCSU_TechLib_ami16      $CDK_DIR/lib/NCSU_TechLib_ami16
|
xmvlog: *W,DLCVAR (/home/grads/a/apteaniche/cds.lib,7): cds.lib Invalid environment variable ''.
DEFINE      NCSU_TechLib_hp06       $CDK_DIR/lib/NCSU_TechLib_hp06
|
xmvlog: *W,DLCVAR (/home/grads/a/apteaniche/cds.lib,8): cds.lib Invalid environment variable ''.
DEFINE      NCSU_TechLib_tsmc02     $CDK_DIR/lib/NCSU_TechLib_tsmc02
|
xmvlog: *W,DLCVAR (/home/grads/a/apteaniche/cds.lib,9): cds.lib Invalid environment variable ''.
DEFINE      NCSU_TechLib_tsmc02d    $CDK_DIR/lib/NCSU_TechLib_tsmc02d
|
xmvlog: *W,DLCVAR (/home/grads/a/apteaniche/cds.lib,10): cds.lib Invalid environment variable ''.
DEFINE      NCSU_TechLib_tsmc03     $CDK_DIR/lib/NCSU_TechLib_tsmc03
|
xmvlog: *W,DLCVAR (/home/grads/a/apteaniche/cds.lib,11): cds.lib Invalid environment variable ''.
DEFINE      NCSU_TechLib_tsmc03d    $CDK_DIR/lib/NCSU_TechLib_tsmc03d
|
xmvlog: *W,DLCVAR (/home/grads/a/apteaniche/cds.lib,12): cds.lib Invalid environment variable ''.
DEFINE      NCSU_TechLib_tsmc04_4M2P    $CDK_DIR/lib/NCSU_TechLib_tsmc04_4M2P
|
xmvlog: *W,DLCVAR (/home/grads/a/apteaniche/cds.lib,13): cds.lib Invalid environment variable ''.
file: mem_test.sv
	module worklib.mem_test:sv
		errors: 0, warnings: 0
	Total errors/warnings found outside modules and primitives:
		errors: 0, warnings: 12
SOFTINCLUDE $SYSTEM_CDS_LIB_DIR/cds.lib
|
xrun: *W,DLCVAR (/home/grads/a/apteaniche/cds.lib,1): cds.lib Invalid environment variable ''.
DEFINE      basic                   $CDK_DIR/lib/basic
|
xrun: *W,DLCVAR (/home/grads/a/apteaniche/cds.lib,2): cds.lib Invalid environment variable ''.
DEFINE      NCSU_Analog_Parts 	    $CDK_DIR/lib/NCSU_Analog_Parts
|
xrun: *W,DLCVAR (/home/grads/a/apteaniche/cds.lib,3): cds.lib Invalid environment variable ''.
DEFINE      NCSU_Digital_Parts 	    $CDK_DIR/lib/NCSU_Digital_Parts
|
xrun: *W,DLCVAR (/home/grads/a/apteaniche/cds.lib,4): cds.lib Invalid environment variable ''.
DEFINE      NCSU_TechLib_ami06      $CDK_DIR/lib/NCSU_TechLib_ami06
|
xrun: *W,DLCVAR (/home/grads/a/apteaniche/cds.lib,6): cds.lib Invalid environment variable ''.
DEFINE      NCSU_TechLib_ami16      $CDK_DIR/lib/NCSU_TechLib_ami16
|
xrun: *W,DLCVAR (/home/grads/a/apteaniche/cds.lib,7): cds.lib Invalid environment variable ''.
DEFINE      NCSU_TechLib_hp06       $CDK_DIR/lib/NCSU_TechLib_hp06
|
xrun: *W,DLCVAR (/home/grads/a/apteaniche/cds.lib,8): cds.lib Invalid environment variable ''.
DEFINE      NCSU_TechLib_tsmc02     $CDK_DIR/lib/NCSU_TechLib_tsmc02
|
xrun: *W,DLCVAR (/home/grads/a/apteaniche/cds.lib,9): cds.lib Invalid environment variable ''.
DEFINE      NCSU_TechLib_tsmc02d    $CDK_DIR/lib/NCSU_TechLib_tsmc02d
|
xrun: *W,DLCVAR (/home/grads/a/apteaniche/cds.lib,10): cds.lib Invalid environment variable ''.
DEFINE      NCSU_TechLib_tsmc03     $CDK_DIR/lib/NCSU_TechLib_tsmc03
|
xrun: *W,DLCVAR (/home/grads/a/apteaniche/cds.lib,11): cds.lib Invalid environment variable ''.
DEFINE      NCSU_TechLib_tsmc03d    $CDK_DIR/lib/NCSU_TechLib_tsmc03d
|
xrun: *W,DLCVAR (/home/grads/a/apteaniche/cds.lib,12): cds.lib Invalid environment variable ''.
DEFINE      NCSU_TechLib_tsmc04_4M2P    $CDK_DIR/lib/NCSU_TechLib_tsmc04_4M2P
|
xrun: *W,DLCVAR (/home/grads/a/apteaniche/cds.lib,13): cds.lib Invalid environment variable ''.
SOFTINCLUDE $SYSTEM_CDS_LIB_DIR/cds.lib
|
xrun: *W,DLCVAR (/home/grads/a/apteaniche/cds.lib,1): cds.lib Invalid environment variable ''.
DEFINE      basic                   $CDK_DIR/lib/basic
|
xrun: *W,DLCVAR (/home/grads/a/apteaniche/cds.lib,2): cds.lib Invalid environment variable ''.
DEFINE      NCSU_Analog_Parts 	    $CDK_DIR/lib/NCSU_Analog_Parts
|
xrun: *W,DLCVAR (/home/grads/a/apteaniche/cds.lib,3): cds.lib Invalid environment variable ''.
DEFINE      NCSU_Digital_Parts 	    $CDK_DIR/lib/NCSU_Digital_Parts
|
xrun: *W,DLCVAR (/home/grads/a/apteaniche/cds.lib,4): cds.lib Invalid environment variable ''.
DEFINE      NCSU_TechLib_ami06      $CDK_DIR/lib/NCSU_TechLib_ami06
|
xrun: *W,DLCVAR (/home/grads/a/apteaniche/cds.lib,6): cds.lib Invalid environment variable ''.
DEFINE      NCSU_TechLib_ami16      $CDK_DIR/lib/NCSU_TechLib_ami16
|
xrun: *W,DLCVAR (/home/grads/a/apteaniche/cds.lib,7): cds.lib Invalid environment variable ''.
DEFINE      NCSU_TechLib_hp06       $CDK_DIR/lib/NCSU_TechLib_hp06
|
xrun: *W,DLCVAR (/home/grads/a/apteaniche/cds.lib,8): cds.lib Invalid environment variable ''.
DEFINE      NCSU_TechLib_tsmc02     $CDK_DIR/lib/NCSU_TechLib_tsmc02
|
xrun: *W,DLCVAR (/home/grads/a/apteaniche/cds.lib,9): cds.lib Invalid environment variable ''.
DEFINE      NCSU_TechLib_tsmc02d    $CDK_DIR/lib/NCSU_TechLib_tsmc02d
|
xrun: *W,DLCVAR (/home/grads/a/apteaniche/cds.lib,10): cds.lib Invalid environment variable ''.
DEFINE      NCSU_TechLib_tsmc03     $CDK_DIR/lib/NCSU_TechLib_tsmc03
|
xrun: *W,DLCVAR (/home/grads/a/apteaniche/cds.lib,11): cds.lib Invalid environment variable ''.
DEFINE      NCSU_TechLib_tsmc03d    $CDK_DIR/lib/NCSU_TechLib_tsmc03d
|
xrun: *W,DLCVAR (/home/grads/a/apteaniche/cds.lib,12): cds.lib Invalid environment variable ''.
DEFINE      NCSU_TechLib_tsmc04_4M2P    $CDK_DIR/lib/NCSU_TechLib_tsmc04_4M2P
|
xrun: *W,DLCVAR (/home/grads/a/apteaniche/cds.lib,13): cds.lib Invalid environment variable ''.
SOFTINCLUDE $SYSTEM_CDS_LIB_DIR/cds.lib
|
xmelab: *W,DLCVAR (/home/grads/a/apteaniche/cds.lib,1): cds.lib Invalid environment variable ''.
DEFINE      basic                   $CDK_DIR/lib/basic
|
xmelab: *W,DLCVAR (/home/grads/a/apteaniche/cds.lib,2): cds.lib Invalid environment variable ''.
DEFINE      NCSU_Analog_Parts 	    $CDK_DIR/lib/NCSU_Analog_Parts
|
xmelab: *W,DLCVAR (/home/grads/a/apteaniche/cds.lib,3): cds.lib Invalid environment variable ''.
DEFINE      NCSU_Digital_Parts 	    $CDK_DIR/lib/NCSU_Digital_Parts
|
xmelab: *W,DLCVAR (/home/grads/a/apteaniche/cds.lib,4): cds.lib Invalid environment variable ''.
DEFINE      NCSU_TechLib_ami06      $CDK_DIR/lib/NCSU_TechLib_ami06
|
xmelab: *W,DLCVAR (/home/grads/a/apteaniche/cds.lib,6): cds.lib Invalid environment variable ''.
DEFINE      NCSU_TechLib_ami16      $CDK_DIR/lib/NCSU_TechLib_ami16
|
xmelab: *W,DLCVAR (/home/grads/a/apteaniche/cds.lib,7): cds.lib Invalid environment variable ''.
DEFINE      NCSU_TechLib_hp06       $CDK_DIR/lib/NCSU_TechLib_hp06
|
xmelab: *W,DLCVAR (/home/grads/a/apteaniche/cds.lib,8): cds.lib Invalid environment variable ''.
DEFINE      NCSU_TechLib_tsmc02     $CDK_DIR/lib/NCSU_TechLib_tsmc02
|
xmelab: *W,DLCVAR (/home/grads/a/apteaniche/cds.lib,9): cds.lib Invalid environment variable ''.
DEFINE      NCSU_TechLib_tsmc02d    $CDK_DIR/lib/NCSU_TechLib_tsmc02d
|
xmelab: *W,DLCVAR (/home/grads/a/apteaniche/cds.lib,10): cds.lib Invalid environment variable ''.
DEFINE      NCSU_TechLib_tsmc03     $CDK_DIR/lib/NCSU_TechLib_tsmc03
|
xmelab: *W,DLCVAR (/home/grads/a/apteaniche/cds.lib,11): cds.lib Invalid environment variable ''.
DEFINE      NCSU_TechLib_tsmc03d    $CDK_DIR/lib/NCSU_TechLib_tsmc03d
|
xmelab: *W,DLCVAR (/home/grads/a/apteaniche/cds.lib,12): cds.lib Invalid environment variable ''.
DEFINE      NCSU_TechLib_tsmc04_4M2P    $CDK_DIR/lib/NCSU_TechLib_tsmc04_4M2P
|
xmelab: *W,DLCVAR (/home/grads/a/apteaniche/cds.lib,13): cds.lib Invalid environment variable ''.
		Caching library 'worklib' ....... Done
	Elaborating the design hierarchy:
	Top level design units:
		top
xmelab: *W,DSEMEL: This SystemVerilog design will be simulated as per IEEE 1800-2009 SystemVerilog simulation semantics. Use -disable_sem2009 option for turning off SV 2009 simulation semantics.
	Building instance overlay tables: .................... Done
	Generating native compiled code:
SOFTINCLUDE $SYSTEM_CDS_LIB_DIR/cds.lib
|
xmvlog_cg: *W,DLCVAR (/home/grads/a/apteaniche/cds.lib,1): cds.lib Invalid environment variable ''.
DEFINE      basic                   $CDK_DIR/lib/basic
|
xmvlog_cg: *W,DLCVAR (/home/grads/a/apteaniche/cds.lib,2): cds.lib Invalid environment variable ''.
DEFINE      NCSU_Analog_Parts 	    $CDK_DIR/lib/NCSU_Analog_Parts
|
xmvlog_cg: *W,DLCVAR (/home/grads/a/apteaniche/cds.lib,3): cds.lib Invalid environment variable ''.
DEFINE      NCSU_Digital_Parts 	    $CDK_DIR/lib/NCSU_Digital_Parts
|
xmvlog_cg: *W,DLCVAR (/home/grads/a/apteaniche/cds.lib,4): cds.lib Invalid environment variable ''.
DEFINE      NCSU_TechLib_ami06      $CDK_DIR/lib/NCSU_TechLib_ami06
|
xmvlog_cg: *W,DLCVAR (/home/grads/a/apteaniche/cds.lib,6): cds.lib Invalid environment variable ''.
DEFINE      NCSU_TechLib_ami16      $CDK_DIR/lib/NCSU_TechLib_ami16
|
xmvlog_cg: *W,DLCVAR (/home/grads/a/apteaniche/cds.lib,7): cds.lib Invalid environment variable ''.
DEFINE      NCSU_TechLib_hp06       $CDK_DIR/lib/NCSU_TechLib_hp06
|
xmvlog_cg: *W,DLCVAR (/home/grads/a/apteaniche/cds.lib,8): cds.lib Invalid environment variable ''.
DEFINE      NCSU_TechLib_tsmc02     $CDK_DIR/lib/NCSU_TechLib_tsmc02
|
xmvlog_cg: *W,DLCVAR (/home/grads/a/apteaniche/cds.lib,9): cds.lib Invalid environment variable ''.
DEFINE      NCSU_TechLib_tsmc02d    $CDK_DIR/lib/NCSU_TechLib_tsmc02d
|
xmvlog_cg: *W,DLCVAR (/home/grads/a/apteaniche/cds.lib,10): cds.lib Invalid environment variable ''.
DEFINE      NCSU_TechLib_tsmc03     $CDK_DIR/lib/NCSU_TechLib_tsmc03
|
xmvlog_cg: *W,DLCVAR (/home/grads/a/apteaniche/cds.lib,11): cds.lib Invalid environment variable ''.
DEFINE      NCSU_TechLib_tsmc03d    $CDK_DIR/lib/NCSU_TechLib_tsmc03d
|
xmvlog_cg: *W,DLCVAR (/home/grads/a/apteaniche/cds.lib,12): cds.lib Invalid environment variable ''.
DEFINE      NCSU_TechLib_tsmc04_4M2P    $CDK_DIR/lib/NCSU_TechLib_tsmc04_4M2P
|
xmvlog_cg: *W,DLCVAR (/home/grads/a/apteaniche/cds.lib,13): cds.lib Invalid environment variable ''.
		worklib.mem_test:sv <0x7da169db>
			streams:   6, words:  7699
	Building instance specific data structures.
	Loading native compiled code:     .................... Done
	Design hierarchy summary:
		                 Instances  Unique
		Modules:                 3       3
		Registers:              21      21
		Scalar wires:            4       -
		Vectored wires:          3       -
		Always blocks:           3       3
		Initial blocks:          3       3
		Pseudo assignments:      1       1
		Simulation timescale:  1ns
	Writing initial simulation snapshot: worklib.top:sv
SOFTINCLUDE $SYSTEM_CDS_LIB_DIR/cds.lib
|
xmsim: *W,DLCVAR (/home/grads/a/apteaniche/cds.lib,1): cds.lib Invalid environment variable ''.
DEFINE      basic                   $CDK_DIR/lib/basic
|
xmsim: *W,DLCVAR (/home/grads/a/apteaniche/cds.lib,2): cds.lib Invalid environment variable ''.
DEFINE      NCSU_Analog_Parts 	    $CDK_DIR/lib/NCSU_Analog_Parts
|
xmsim: *W,DLCVAR (/home/grads/a/apteaniche/cds.lib,3): cds.lib Invalid environment variable ''.
DEFINE      NCSU_Digital_Parts 	    $CDK_DIR/lib/NCSU_Digital_Parts
|
xmsim: *W,DLCVAR (/home/grads/a/apteaniche/cds.lib,4): cds.lib Invalid environment variable ''.
DEFINE      NCSU_TechLib_ami06      $CDK_DIR/lib/NCSU_TechLib_ami06
|
xmsim: *W,DLCVAR (/home/grads/a/apteaniche/cds.lib,6): cds.lib Invalid environment variable ''.
DEFINE      NCSU_TechLib_ami16      $CDK_DIR/lib/NCSU_TechLib_ami16
|
xmsim: *W,DLCVAR (/home/grads/a/apteaniche/cds.lib,7): cds.lib Invalid environment variable ''.
DEFINE      NCSU_TechLib_hp06       $CDK_DIR/lib/NCSU_TechLib_hp06
|
xmsim: *W,DLCVAR (/home/grads/a/apteaniche/cds.lib,8): cds.lib Invalid environment variable ''.
DEFINE      NCSU_TechLib_tsmc02     $CDK_DIR/lib/NCSU_TechLib_tsmc02
|
xmsim: *W,DLCVAR (/home/grads/a/apteaniche/cds.lib,9): cds.lib Invalid environment variable ''.
DEFINE      NCSU_TechLib_tsmc02d    $CDK_DIR/lib/NCSU_TechLib_tsmc02d
|
xmsim: *W,DLCVAR (/home/grads/a/apteaniche/cds.lib,10): cds.lib Invalid environment variable ''.
DEFINE      NCSU_TechLib_tsmc03     $CDK_DIR/lib/NCSU_TechLib_tsmc03
|
xmsim: *W,DLCVAR (/home/grads/a/apteaniche/cds.lib,11): cds.lib Invalid environment variable ''.
DEFINE      NCSU_TechLib_tsmc03d    $CDK_DIR/lib/NCSU_TechLib_tsmc03d
|
xmsim: *W,DLCVAR (/home/grads/a/apteaniche/cds.lib,12): cds.lib Invalid environment variable ''.
DEFINE      NCSU_TechLib_tsmc04_4M2P    $CDK_DIR/lib/NCSU_TechLib_tsmc04_4M2P
|
xmsim: *W,DLCVAR (/home/grads/a/apteaniche/cds.lib,13): cds.lib Invalid environment variable ''.
Loading snapshot worklib.top:sv .................... Done
xmsim: *W,DSEM2009: This SystemVerilog design is simulated as per IEEE 1800-2009 SystemVerilog simulation semantics. Use -disable_sem2009 option for turning off SV 2009 simulation semantics.
xcelium> source /opt/coe/cadence/XCELIUM/tools/xcelium/files/xmsimrc
xcelium> run
Clear Memory Test
WRITE addr=0 data=0
WRITE addr=1 data=0
WRITE addr=2 data=0
WRITE addr=3 data=0
WRITE addr=4 data=0
WRITE addr=5 data=0
WRITE addr=6 data=0
WRITE addr=7 data=0
WRITE addr=8 data=0
WRITE addr=9 data=0
WRITE addr=10 data=0
WRITE addr=11 data=0
WRITE addr=12 data=0
WRITE addr=13 data=0
WRITE addr=14 data=0
WRITE addr=15 data=0
WRITE addr=16 data=0
WRITE addr=17 data=0
WRITE addr=18 data=0
WRITE addr=19 data=0
WRITE addr=20 data=0
WRITE addr=21 data=0
WRITE addr=22 data=0
WRITE addr=23 data=0
WRITE addr=24 data=0
WRITE addr=25 data=0
WRITE addr=26 data=0
WRITE addr=27 data=0
WRITE addr=28 data=0
WRITE addr=29 data=0
WRITE addr=30 data=0
WRITE addr=31 data=0
READ addr=0 data=0
READ addr=1 data=0
READ addr=2 data=0
READ addr=3 data=0
READ addr=4 data=0
READ addr=5 data=0
READ addr=6 data=0
READ addr=7 data=0
READ addr=8 data=0
READ addr=9 data=0
READ addr=10 data=0
READ addr=11 data=0
READ addr=12 data=0
READ addr=13 data=0
READ addr=14 data=0
READ addr=15 data=0
READ addr=16 data=0
READ addr=17 data=0
READ addr=18 data=0
READ addr=19 data=0
READ addr=20 data=0
READ addr=21 data=0
READ addr=22 data=0
READ addr=23 data=0
READ addr=24 data=0
READ addr=25 data=0
READ addr=26 data=0
READ addr=27 data=0
READ addr=28 data=0
READ addr=29 data=0
READ addr=30 data=0
READ addr=31 data=0
TEST PASSED
Data = Address Test
WRITE addr=0 data=0
WRITE addr=1 data=1
WRITE addr=2 data=2
WRITE addr=3 data=3
WRITE addr=4 data=4
WRITE addr=5 data=5
WRITE addr=6 data=6
WRITE addr=7 data=7
WRITE addr=8 data=8
WRITE addr=9 data=9
WRITE addr=10 data=a
WRITE addr=11 data=b
WRITE addr=12 data=c
WRITE addr=13 data=d
WRITE addr=14 data=e
WRITE addr=15 data=f
WRITE addr=16 data=10
WRITE addr=17 data=11
WRITE addr=18 data=12
WRITE addr=19 data=13
WRITE addr=20 data=14
WRITE addr=21 data=15
WRITE addr=22 data=16
WRITE addr=23 data=17
WRITE addr=24 data=18
WRITE addr=25 data=19
WRITE addr=26 data=1a
WRITE addr=27 data=1b
WRITE addr=28 data=1c
WRITE addr=29 data=1d
WRITE addr=30 data=1e
WRITE addr=31 data=1f
READ addr=0 data=0
READ addr=1 data=1
READ addr=2 data=2
READ addr=3 data=3
READ addr=4 data=4
READ addr=5 data=5
READ addr=6 data=6
READ addr=7 data=7
READ addr=8 data=8
READ addr=9 data=9
READ addr=10 data=a
READ addr=11 data=b
READ addr=12 data=c
READ addr=13 data=d
READ addr=14 data=e
READ addr=15 data=f
READ addr=16 data=10
READ addr=17 data=11
READ addr=18 data=12
READ addr=19 data=13
READ addr=20 data=14
READ addr=21 data=15
READ addr=22 data=16
READ addr=23 data=17
READ addr=24 data=18
READ addr=25 data=19
READ addr=26 data=1a
READ addr=27 data=1b
READ addr=28 data=1c
READ addr=29 data=1d
READ addr=30 data=1e
READ addr=31 data=1f
TEST PASSED
Simulation complete via $finish(1) at time 2550 NS + 1
./mem_test.sv:84     $finish;
xcelium> exit
TOOL:	xrun	22.03-s012: Exiting on Sep 11, 2025 at 10:41:59 CDT  (total: 00:00:02)
